https://www.youtube.com/watch?v=YHUhY4VJYIw, 257, Corroded  -  Believe In Me [Audio, <PIL.JpegImagePlugin.JpegImageFile image mode=RGB size=120x90 at 0x1DA21B86C50>
https://www.youtube.com/watch?v=6-2jNiVK86A, 266, Blue Stahli  -  ULTRAnumb, <PIL.JpegImagePlugin.JpegImageFile image mode=RGB size=120x90 at 0x132DB782BA8>
https://www.youtube.com/watch?v=-jMj8O0k6xg, 210, Blue Stahli  -  "Anti You", <PIL.JpegImagePlugin.JpegImageFile image mode=RGB size=120x90 at 0x132DB782128>
https://www.youtube.com/watch?v=jobUU4goHv8, 186, Blue Stahli  -  Ready Aim Fire (Official Lyric Video), <PIL.JpegImagePlugin.JpegImageFile image mode=RGB size=120x90 at 0x132DB7827B8>
https://www.youtube.com/watch?v=kYRuUwEgSKA, 148, 【GMV】 Guilty Gear Xrd  - SIGN', '  「Suit Up ft. Southpaw Swagger」, <PIL.JpegImagePlugin.JpegImageFile image mode=RGB size=120x90 at 0x132DB78B160>
https://www.youtube.com/watch?v=BmIkNz1ZZZU, 311, Blue Stahli -  Kill Me Every Time, <PIL.JpegImagePlugin.JpegImageFile image mode=RGB size=120x90 at 0x132DB78B748>
https://www.youtube.com/watch?v=y5yw3yMfP5E, 303, Celldweller  -  Switchback, <PIL.JpegImagePlugin.JpegImageFile image mode=RGB size=120x90 at 0x132DB78BD68>
https://www.youtube.com/watch?v=6i4x8PC25nY, 453, Celldweller  -  End of an Empire, <PIL.JpegImagePlugin.JpegImageFile image mode=RGB size=120x90 at 0x132DB7A0358>
https://www.youtube.com/watch?v=GjowkKEi8ek, 216, Celldweller  - " Good L_ck (Yo_'re F_cked)", <PIL.JpegImagePlugin.JpegImageFile image mode=RGB size=120x90 at 0x132DB7A0940>
https://www.youtube.com/watch?v=Gr43fE59s8Q, 442, Celldweller  -  Lost in Time (Official Music Video), <PIL.JpegImagePlugin.JpegImageFile image mode=RGB size=120x90 at 0x132DB7A0F28>
https://www.youtube.com/watch?v=hZ5HqLkdlZI, 168, Fable  -  Kiling our memories. Subtitulado al español., <PIL.JpegImagePlugin.JpegImageFile image mode=RGB size=120x90 at 0x132DB7A6518>
https://www.youtube.com/watch?v=YHUhY4VJYIw, 257, Corroded  -  Believe In Me [Audio, <PIL.JpegImagePlugin.JpegImageFile image mode=RGB size=120x90 at 0x132DB7A6B00>
https://www.youtube.com/watch?v=6-2jNiVK86A, 266, Blue Stahli  -  ULTRAnumb, <PIL.JpegImagePlugin.JpegImageFile image mode=RGB size=120x90 at 0x161DC4C2BA8>
https://www.youtube.com/watch?v=-jMj8O0k6xg, 210, Blue Stahli  -  "Anti You", <PIL.JpegImagePlugin.JpegImageFile image mode=RGB size=120x90 at 0x161DC4C2128>
https://www.youtube.com/watch?v=jobUU4goHv8, 186, Blue Stahli  -  Ready Aim Fire (Official Lyric Video), <PIL.JpegImagePlugin.JpegImageFile image mode=RGB size=120x90 at 0x161DC4C27B8>
https://www.youtube.com/watch?v=kYRuUwEgSKA, 148, 【GMV】 Guilty Gear Xrd  - SIGN', '  「Suit Up ft. Southpaw Swagger」, <PIL.JpegImagePlugin.JpegImageFile image mode=RGB size=120x90 at 0x161DC4CA160>
https://www.youtube.com/watch?v=BmIkNz1ZZZU, 311, Blue Stahli -  Kill Me Every Time, <PIL.JpegImagePlugin.JpegImageFile image mode=RGB size=120x90 at 0x161DC4CA748>
https://www.youtube.com/watch?v=y5yw3yMfP5E, 303, Celldweller  -  Switchback, <PIL.JpegImagePlugin.JpegImageFile image mode=RGB size=120x90 at 0x161DC4CAD30>
https://www.youtube.com/watch?v=6i4x8PC25nY, 453, Celldweller  -  End of an Empire, <PIL.JpegImagePlugin.JpegImageFile image mode=RGB size=120x90 at 0x161DC4CF320>
https://www.youtube.com/watch?v=GjowkKEi8ek, 216, Celldweller  - " Good L_ck (Yo_'re F_cked)", <PIL.JpegImagePlugin.JpegImageFile image mode=RGB size=120x90 at 0x161DC4CF908>
https://www.youtube.com/watch?v=Gr43fE59s8Q, 442, Celldweller  -  Lost in Time (Official Music Video), <PIL.JpegImagePlugin.JpegImageFile image mode=RGB size=120x90 at 0x161DC4CFEF0>
https://www.youtube.com/watch?v=hZ5HqLkdlZI, 168, Fable  -  Kiling our memories. Subtitulado al español., <PIL.JpegImagePlugin.JpegImageFile image mode=RGB size=120x90 at 0x161DC4E6518>
https://www.youtube.com/watch?v=YHUhY4VJYIw, 257, Corroded  -  Believe In Me [Audio, <PIL.JpegImagePlugin.JpegImageFile image mode=RGB size=120x90 at 0x161DC4E6B00>
https://www.youtube.com/watch?v=6-2jNiVK86A, 266, Blue Stahli  -  ULTRAnumb, <PIL.JpegImagePlugin.JpegImageFile image mode=RGB size=120x90 at 0x29EDC8F3CC0>
https://www.youtube.com/watch?v=-jMj8O0k6xg, 210, Blue Stahli  -  "Anti You", <PIL.JpegImagePlugin.JpegImageFile image mode=RGB size=120x90 at 0x29EDC8F3208>
https://www.youtube.com/watch?v=jobUU4goHv8, 186, Blue Stahli  -  Ready Aim Fire (Official Lyric Video), <PIL.JpegImagePlugin.JpegImageFile image mode=RGB size=120x90 at 0x29EDC8F3940>
https://www.youtube.com/watch?v=kYRuUwEgSKA, 148, 【GMV】 Guilty Gear Xrd  - SIGN', '  「Suit Up ft. Southpaw Swagger」, <PIL.JpegImagePlugin.JpegImageFile image mode=RGB size=120x90 at 0x29EDC8FB240>
https://www.youtube.com/watch?v=BmIkNz1ZZZU, 311, Blue Stahli -  Kill Me Every Time, <PIL.JpegImagePlugin.JpegImageFile image mode=RGB size=120x90 at 0x29EDC8FB828>
https://www.youtube.com/watch?v=y5yw3yMfP5E, 303, Celldweller  -  Switchback, <PIL.JpegImagePlugin.JpegImageFile image mode=RGB size=120x90 at 0x29EDC8FBE48>
https://www.youtube.com/watch?v=6i4x8PC25nY, 453, Celldweller  -  End of an Empire, <PIL.JpegImagePlugin.JpegImageFile image mode=RGB size=120x90 at 0x29EDDB70438>
https://www.youtube.com/watch?v=GjowkKEi8ek, 216, Celldweller  - " Good L_ck (Yo_'re F_cked)", <PIL.JpegImagePlugin.JpegImageFile image mode=RGB size=120x90 at 0x29EDDB70A20>
https://www.youtube.com/watch?v=Gr43fE59s8Q, 442, Celldweller  -  Lost in Time (Official Music Video), <PIL.JpegImagePlugin.JpegImageFile image mode=RGB size=120x90 at 0x29EDDB760B8>
https://www.youtube.com/watch?v=hZ5HqLkdlZI, 168, Fable  -  Kiling our memories. Subtitulado al español., <PIL.JpegImagePlugin.JpegImageFile image mode=RGB size=120x90 at 0x29EDDB76630>
https://www.youtube.com/watch?v=YHUhY4VJYIw, 257, Corroded  -  Believe In Me [Audio, <PIL.JpegImagePlugin.JpegImageFile image mode=RGB size=120x90 at 0x29EDDB76C18>
