https://www.youtube.com/watch?v=zvpT_j2L_gY, 131, Benedixhion  -  Toxin (Prod. Thatboineco) lyrics video (Hiphop & Emo rap) | Trap and bass | sad song, <PIL.JpegImagePlugin.JpegImageFile image mode=RGB size=120x90 at 0x26654681C30>
https://www.youtube.com/watch?v=TeItE5mQsEY, 149, Kaito Shoma  -  GAZ, <PIL.JpegImagePlugin.JpegImageFile image mode=RGB size=120x90 at 0x26654682110>
https://www.youtube.com/watch?v=T7LS_Enn6zs, 131, Лысый чёрт ебашит под адский басс буст IHAVEONECHANCE  -  BOUNCE, <PIL.JpegImagePlugin.JpegImageFile image mode=RGB size=120x90 at 0x26654682740>
https://www.youtube.com/watch?v=6-2jNiVK86A, 266, Blue Stahli  -  ULTRAnumb, <PIL.JpegImagePlugin.JpegImageFile image mode=RGB size=120x90 at 0x26654683C40>
https://www.youtube.com/watch?v=sF3aZyNDF1Q, 210, Blue Stahli  -  Anti You, <PIL.JpegImagePlugin.JpegImageFile image mode=RGB size=120x90 at 0x266546B40D0>
https://www.youtube.com/watch?v=jobUU4goHv8, 186, Blue Stahli  -  Ready Aim Fire (Official Lyric Video), <PIL.JpegImagePlugin.JpegImageFile image mode=RGB size=120x90 at 0x266546B4700>
https://www.youtube.com/watch?v=kYRuUwEgSKA, 148, 【GMV】 Guilty Gear Xrd  - SIGN', '  「Suit Up ft. Southpaw Swagger」, <PIL.JpegImagePlugin.JpegImageFile image mode=RGB size=120x90 at 0x266546B4CD0>
https://www.youtube.com/watch?v=BmIkNz1ZZZU, 311, Blue Stahli -  Kill Me Every Time, <PIL.JpegImagePlugin.JpegImageFile image mode=RGB size=120x90 at 0x266546B52A0>
https://www.youtube.com/watch?v=y5yw3yMfP5E, 303, Celldweller  -  Switchback, <PIL.JpegImagePlugin.JpegImageFile image mode=RGB size=120x90 at 0x266546B5870>
https://www.youtube.com/watch?v=6i4x8PC25nY, 453, Celldweller  -  End of an Empire, <PIL.JpegImagePlugin.JpegImageFile image mode=RGB size=120x90 at 0x266546B5E40>
https://www.youtube.com/watch?v=b9-QOFpJhZI, 216, Celldweller  - " Good L_ck (Yo_'re F_cked) [Lyric Video]", <PIL.JpegImagePlugin.JpegImageFile image mode=RGB size=120x90 at 0x266546B6410>
https://www.youtube.com/watch?v=Gr43fE59s8Q, 442, Celldweller  -  Lost in Time (Official Music Video), <PIL.JpegImagePlugin.JpegImageFile image mode=RGB size=120x90 at 0x266546B69E0>
https://www.youtube.com/watch?v=hZ5HqLkdlZI, 168, Fable  -  Kiling our memories. Subtitulado al español., <PIL.JpegImagePlugin.JpegImageFile image mode=RGB size=120x90 at 0x266546B6FB0>
https://www.youtube.com/watch?v=YHUhY4VJYIw, 256, Corroded  -  Believe In Me [Audio, <PIL.JpegImagePlugin.JpegImageFile image mode=RGB size=120x90 at 0x266546B7580>
https://www.youtube.com/watch?v=0oXgDtvOV8o, 218, Corroded  -  6 Ft. Of Anger (lyric video), <PIL.JpegImagePlugin.JpegImageFile image mode=RGB size=120x90 at 0x266546B7B50>
https://www.youtube.com/watch?v=ZjipMva36lc, 202, Hyper  -  We Control, <PIL.JpegImagePlugin.JpegImageFile image mode=RGB size=120x90 at 0x266546CC160>
https://www.youtube.com/watch?v=wC5G_KQZ-t0, 252, hyper  -  Cascade, <PIL.JpegImagePlugin.JpegImageFile image mode=RGB size=120x90 at 0x266546CC730>
https://www.youtube.com/watch?v=YUcIMgcGzEQ, 357, Nemesis (1uP's 4 Shot Remix) - , <PIL.JpegImagePlugin.JpegImageFile image mode=RGB size=120x90 at 0x266546CCD00>
https://www.youtube.com/watch?v=n2ZJX5gkvQk, 189, The Exies  -  What You Deserve [Lyrics, <PIL.JpegImagePlugin.JpegImageFile image mode=RGB size=120x90 at 0x266546CD2D0>
https://www.youtube.com/watch?v=DnBxYFJLVS4, 286, PENDULUM  -  Self vs Self (feat. In Flames) HQ [Full Song]320Kb, <PIL.JpegImagePlugin.JpegImageFile image mode=RGB size=120x90 at 0x266546CD8A0>
https://www.youtube.com/watch?v=_hj8bMR8Rdw, 254, Aero Chord  -  Surface, <PIL.JpegImagePlugin.JpegImageFile image mode=RGB size=120x90 at 0x266546CDE70>
https://www.youtube.com/watch?v=r8QKpUICDaQ, 239, Manafest  -  Impossible (lyrics), <PIL.JpegImagePlugin.JpegImageFile image mode=RGB size=120x90 at 0x266546CE440>
https://www.youtube.com/watch?v=CSL372bES_A, 142, Blue Stahli  -  Overclock, <PIL.JpegImagePlugin.JpegImageFile image mode=RGB size=120x90 at 0x266546CEA10>
https://www.youtube.com/watch?v=-2vG7E_hy6A, 190, Cult To Follow  -  10 Seconds From Panic, <PIL.JpegImagePlugin.JpegImageFile image mode=RGB size=120x90 at 0x266546CEFE0>
https://www.youtube.com/watch?v=Ex9ic2KDJ4Q, 213, Thousand Foot Krutch - I get Wicked', 'Lyrics, <PIL.JpegImagePlugin.JpegImageFile image mode=RGB size=120x90 at 0x266546CF5B0>
https://www.youtube.com/watch?v=oXMQe7SNFmU, 192, Manafest  -  Avalanche, <PIL.JpegImagePlugin.JpegImageFile image mode=RGB size=120x90 at 0x266546CFB80>
https://www.youtube.com/watch?v=jwM2U4JK8ek, 282, Avery Watts  -  "The Core" ', ' Song with Lyrics, <PIL.JpegImagePlugin.JpegImageFile image mode=RGB size=120x90 at 0x266546DC190>
https://www.youtube.com/watch?v=l-cZHUynzpY, 128, Blue Stahli  -  Mystique, <PIL.JpegImagePlugin.JpegImageFile image mode=RGB size=120x90 at 0x266546DC760>
https://www.youtube.com/watch?v=KW7tg0yqfEY, 125, Blue Stahli  -  The Pure and the Tainted, <PIL.JpegImagePlugin.JpegImageFile image mode=RGB size=120x90 at 0x266546DCD30>
https://www.youtube.com/watch?v=rkCbu4QAjfk, 148, Blue Stahli  -  Rapid Fire., <PIL.JpegImagePlugin.JpegImageFile image mode=RGB size=120x90 at 0x266546DD300>
https://www.youtube.com/watch?v=LMLCTLwCnFo, 154, Blue Stahli  - " Let's Go chipmunk Version", <PIL.JpegImagePlugin.JpegImageFile image mode=RGB size=120x90 at 0x266546DD8D0>
https://www.youtube.com/watch?v=ALaQ71FRUDY, 208, Thousand Foot Krutch  -  Down LYRICS, <PIL.JpegImagePlugin.JpegImageFile image mode=RGB size=120x90 at 0x266546DDEA0>
https://www.youtube.com/watch?v=GvQ8KIeyijI, 343, The Terminal  -  Pendulum [HQ, <PIL.JpegImagePlugin.JpegImageFile image mode=RGB size=120x90 at 0x266546DE470>
https://www.youtube.com/watch?v=x8QJboBTfzA, 374, Through The Loop  -  Pendulum [HQ, <PIL.JpegImagePlugin.JpegImageFile image mode=RGB size=120x90 at 0x266546DEA40>
https://www.youtube.com/watch?v=6EKYcAS_2ys, 321, Pendulum  -  The Island  Part 1 (Dawn) (Full HD), <PIL.JpegImagePlugin.JpegImageFile image mode=RGB size=120x90 at 0x266546DF010>
https://www.youtube.com/watch?v=hTLPxX73SDc, 249, Pendulum  -  The Island Part 2 (Dusk) [HD, <PIL.JpegImagePlugin.JpegImageFile image mode=RGB size=120x90 at 0x266546DF5E0>
https://www.youtube.com/watch?v=Q89OdbX7A8E, 342, Pendulum  -  Slam [HD ', ' 320kbps, <PIL.JpegImagePlugin.JpegImageFile image mode=RGB size=120x90 at 0x266546DFBB0>
https://www.youtube.com/watch?v=2dxzZA6dw_A, 270, Malrun  -  Moving Into Fear (The Empty Frame 2012), <PIL.JpegImagePlugin.JpegImageFile image mode=RGB size=120x90 at 0x266578681C0>
https://www.youtube.com/watch?v=QWe7y2nKGKM, 189, Malrun - Trim The Fat, <PIL.JpegImagePlugin.JpegImageFile image mode=RGB size=120x90 at 0x26657868790>
https://www.youtube.com/watch?v=Mujf5kKSBMw, 318, Celldweller  -  Jericho (Official Lyric Video), <PIL.JpegImagePlugin.JpegImageFile image mode=RGB size=120x90 at 0x26657868D60>
https://www.youtube.com/watch?v=IZ9Ni-kecxw, 412, Celldweller  -  New Elysium, <PIL.JpegImagePlugin.JpegImageFile image mode=RGB size=120x90 at 0x26657869330>
https://www.youtube.com/watch?v=TVUl81HyKkQ, 239, HIM  -  For You, <PIL.JpegImagePlugin.JpegImageFile image mode=RGB size=120x90 at 0x26657869900>
https://www.youtube.com/watch?v=6gHC6gOEdYQ, 203, Manafest  -  No Plan B (feat. Koie from Crossfaith), <PIL.JpegImagePlugin.JpegImageFile image mode=RGB size=120x90 at 0x26657869ED0>
https://www.youtube.com/watch?v=QxYkMCf0F7I, 256, Disturbed  -  Criminal [Official Audio, <PIL.JpegImagePlugin.JpegImageFile image mode=RGB size=120x90 at 0x2665786A4A0>
https://www.youtube.com/watch?v=Qr1UOfvMFt0, 256, Disturbed  -  The Light ((Lyrics Request)), <PIL.JpegImagePlugin.JpegImageFile image mode=RGB size=120x90 at 0x2665786AA70>
https://www.youtube.com/watch?v=av4LWicNojs, 222, Verax  -  In your eyes, <PIL.JpegImagePlugin.JpegImageFile image mode=RGB size=120x90 at 0x2665786B040>
https://www.youtube.com/watch?v=7YTAgG2RptE, 233, Iron Man  -  Ignition Music Video ', ' TobyMac, <PIL.JpegImagePlugin.JpegImageFile image mode=RGB size=120x90 at 0x2665786B610>
https://www.youtube.com/watch?v=tQErWkVpapQ, 233, Falling In Reverse  - " It's Over When It's Over (Sub. Español)", <PIL.JpegImagePlugin.JpegImageFile image mode=RGB size=120x90 at 0x2665786BBE0>
https://www.youtube.com/watch?v=7j4eyEwcpjY, 316, Blood Sugar (Original Mix) - , <PIL.JpegImagePlugin.JpegImageFile image mode=RGB size=120x90 at 0x2665787C1F0>
https://www.youtube.com/watch?v=W7tT2WDzNTU, 286, Blue Stahli  -  "Scrape", <PIL.JpegImagePlugin.JpegImageFile image mode=RGB size=120x90 at 0x2665787C7C0>
https://www.youtube.com/watch?v=gkhwK6Wlod8, 232, Disturbed - Inside The Fire (Lyrics In Description), <PIL.JpegImagePlugin.JpegImageFile image mode=RGB size=120x90 at 0x2665787CD90>
https://www.youtube.com/watch?v=tlE8252-xMc, 278, Disturbed  -  Indestructible (HD 1080p), <PIL.JpegImagePlugin.JpegImageFile image mode=RGB size=120x90 at 0x2665787D360>
https://www.youtube.com/watch?v=PHan_JDPi7M, 239, Stealing Eden  -  Never Give Up [HD, <PIL.JpegImagePlugin.JpegImageFile image mode=RGB size=120x90 at 0x2665787D930>
https://www.youtube.com/watch?v=wNH3UVpYSSs, 224, Cult To Follow  -  Leave It All Behind [HD, <PIL.JpegImagePlugin.JpegImageFile image mode=RGB size=120x90 at 0x2665787DF00>
https://www.youtube.com/watch?v=3z9Kmla_ceA, 188, Shinedown  -  Enemies ', ' Lyrics, <PIL.JpegImagePlugin.JpegImageFile image mode=RGB size=120x90 at 0x2665787E4D0>
https://www.youtube.com/watch?v=l3mFPIEA5jk, 249, Cold Driven  -  In This Cold, <PIL.JpegImagePlugin.JpegImageFile image mode=RGB size=120x90 at 0x2665787EAA0>
https://www.youtube.com/watch?v=noGd-YtdIBM, 319, Thousand Foot Krutch: War of Change (Andy Hunter° Remix) (Official Audio) - , <PIL.JpegImagePlugin.JpegImageFile image mode=RGB size=120x90 at 0x2665787F070>
https://www.youtube.com/watch?v=LOM0R6gvMac, 211, Hollywood Undead  -  Everywhere I Go [Lyrics, <PIL.JpegImagePlugin.JpegImageFile image mode=RGB size=120x90 at 0x2665787F640>
https://www.youtube.com/watch?v=6mLLA68wRsk, 349, Hollywood Undead  -  "Comin\' In Hot" [Wideboys Club Remix, <PIL.JpegImagePlugin.JpegImageFile image mode=RGB size=120x90 at 0x2665787FC10>
https://www.youtube.com/watch?v=8SLDWp8QNuE, 244, Hollywood Undead  -  S.C.A.V.A. (Lyrics ', ' Russian version), <PIL.JpegImagePlugin.JpegImageFile image mode=RGB size=120x90 at 0x26657890220>
https://www.youtube.com/watch?v=rXEmy6z2tDU, 306, Mindscape & Jade  -  Razor Sharp, <PIL.JpegImagePlugin.JpegImageFile image mode=RGB size=120x90 at 0x266578907F0>
https://www.youtube.com/watch?v=47S_J-yGvnI, 242, 【GMV  -  DOOM】 Hell Warrior ', ' STARSET: My Demons, <PIL.JpegImagePlugin.JpegImageFile image mode=RGB size=120x90 at 0x26657890DC0>
https://www.youtube.com/watch?v=rzE18_cHlR8, 265, Starset  -  Carnivore (audio), <PIL.JpegImagePlugin.JpegImageFile image mode=RGB size=120x90 at 0x26657891390>
https://www.youtube.com/watch?v=1K7BhbyJS3I, 270, Tristam  - " Till It's Over", <PIL.JpegImagePlugin.JpegImageFile image mode=RGB size=120x90 at 0x26657891960>
https://www.youtube.com/watch?v=gAFWlLTwxgo, 247, Blue Stahli  -  Down In Flames [The Devil Chapter 1, <PIL.JpegImagePlugin.JpegImageFile image mode=RGB size=120x90 at 0x26657891F30>
https://www.youtube.com/watch?v=SgzSMSZ3b6Q, 275, Tristam & Braken  -  Frame Of Mind, <PIL.JpegImagePlugin.JpegImageFile image mode=RGB size=120x90 at 0x26657892500>
https://www.youtube.com/watch?v=W8rspcEt1Ew, 219, 19. Once Again  -  Various Artists (Because This is Our First Life) OST, <PIL.JpegImagePlugin.JpegImageFile image mode=RGB size=120x90 at 0x26657892AD0>
https://www.youtube.com/watch?v=ASj81daun5Q, 171, Two Steps From Hell  -  Protectors of the Earth, <PIL.JpegImagePlugin.JpegImageFile image mode=RGB size=120x90 at 0x266578930A0>
https://www.youtube.com/watch?v=DLsmChgZKpg, 317, Starset  -  It Has Begun (Music Video), <PIL.JpegImagePlugin.JpegImageFile image mode=RGB size=120x90 at 0x26657893670>
https://www.youtube.com/watch?v=aqWZiEu5ygQ, 273, Starset  -  Let it Die, <PIL.JpegImagePlugin.JpegImageFile image mode=RGB size=120x90 at 0x26657893C40>
https://www.youtube.com/watch?v=fMDuBrnp1H8, 220, Starset  -  Point of no Return, <PIL.JpegImagePlugin.JpegImageFile image mode=RGB size=120x90 at 0x266578A8250>
https://www.youtube.com/watch?v=KsrCrYuXIUI, 249, My Darkest Days  -  Come Undone lyrics, <PIL.JpegImagePlugin.JpegImageFile image mode=RGB size=120x90 at 0x266578A8820>
https://www.youtube.com/watch?v=xJnPKisCQW8, 213, Manafest  -  Human Lyrics, <PIL.JpegImagePlugin.JpegImageFile image mode=RGB size=120x90 at 0x266578A8DF0>
https://www.youtube.com/watch?v=kHicliUheO4, 228, Adam Lambert  -  Runnin (lyrics), <PIL.JpegImagePlugin.JpegImageFile image mode=RGB size=120x90 at 0x266578A93C0>
https://www.youtube.com/watch?v=aIhfxHFspCQ, 239, Thousand Foot Krutch  -   The Part That Hurts The Most (Subtítulos en Español), <PIL.JpegImagePlugin.JpegImageFile image mode=RGB size=120x90 at 0x266578A9990>
https://www.youtube.com/watch?v=6DDo-gdWyY8, 229, Zoom  -  Enemy | The Flash ⚡️ Tribute, <PIL.JpegImagePlugin.JpegImageFile image mode=RGB size=120x90 at 0x266578A9F60>
https://www.youtube.com/watch?v=OS3hPxdDNeQ, 209, Phedora  -  One Breath Away, <PIL.JpegImagePlugin.JpegImageFile image mode=RGB size=120x90 at 0x266578AA530>
https://www.youtube.com/watch?v=bDPoGQwkY20, 210, Reveille  -  Look At Me Now (HQ), <PIL.JpegImagePlugin.JpegImageFile image mode=RGB size=120x90 at 0x266578AAB00>
https://www.youtube.com/watch?v=jPxvrAnvjDQ, 197, State Of Mine  -  Rise, <PIL.JpegImagePlugin.JpegImageFile image mode=RGB size=120x90 at 0x266578AB0D0>
https://www.youtube.com/watch?v=f10wUVy3PXg, 179, System of a Down  -  ATWA, <PIL.JpegImagePlugin.JpegImageFile image mode=RGB size=120x90 at 0x266578AB6A0>
https://www.youtube.com/watch?v=nOMCPSGGX0A, 286, Aesthetic Perfection  -  Rhythm + Control 17.02.2020 Lindemann tour Zenith München, <PIL.JpegImagePlugin.JpegImageFile image mode=RGB size=120x90 at 0x266578ABC70>
https://www.youtube.com/watch?v=TNW0oWdheXk, 169, Pendulum  -  Comprachicos [HQ, <PIL.JpegImagePlugin.JpegImageFile image mode=RGB size=120x90 at 0x266578C0280>
https://www.youtube.com/watch?v=i1orOc0eTGs, 259, Smash into Pieces  -  Don´t wake me up, <PIL.JpegImagePlugin.JpegImageFile image mode=RGB size=120x90 at 0x266578C0850>
https://www.youtube.com/watch?v=12-meQBHNgA, 257, Flux Pavilion  - " I Still Can't Stop (Original Mix)", <PIL.JpegImagePlugin.JpegImageFile image mode=RGB size=120x90 at 0x266578C0E20>
https://www.youtube.com/watch?v=No0ZXKBsUcA, 270, Ace Hood ft. Future & Rick Ross  -  Bugatti [2013, <PIL.JpegImagePlugin.JpegImageFile image mode=RGB size=120x90 at 0x266578C13F0>
https://www.youtube.com/watch?v=X7kTIquRepE, 168, Volbeat  -  16 Dollars ', ' Lyrics, <PIL.JpegImagePlugin.JpegImageFile image mode=RGB size=120x90 at 0x266578C19C0>
https://www.youtube.com/watch?v=AffcYtJyfpo, 322, Trivium  -  Until The World Goes Cold, <PIL.JpegImagePlugin.JpegImageFile image mode=RGB size=120x90 at 0x266578C1F90>
https://www.youtube.com/watch?v=6JnAQCoXQ68, 212, Beartooth  -  Hated (with Lyrics), <PIL.JpegImagePlugin.JpegImageFile image mode=RGB size=120x90 at 0x266578C2560>
https://www.youtube.com/watch?v=Zp-K2B-qZAE, 278, Disturbed  -  Down with the sickness, <PIL.JpegImagePlugin.JpegImageFile image mode=RGB size=120x90 at 0x266578C2B30>
https://www.youtube.com/watch?v=e8X3ACToii0, 242, Rise Against  -  Savior (Official Music Video), <PIL.JpegImagePlugin.JpegImageFile image mode=RGB size=120x90 at 0x266578C3100>
https://www.youtube.com/watch?v=mg3duvrq2uc, 202, The Diary of Jane  -  Single Version ', ' Breaking Benjamin, <PIL.JpegImagePlugin.JpegImageFile image mode=RGB size=120x90 at 0x266578C36D0>
https://www.youtube.com/watch?v=9smvyPi5ZN8, 304, Avenged Sevenfold  -  Hail to the King Ragnar, <PIL.JpegImagePlugin.JpegImageFile image mode=RGB size=120x90 at 0x266578C3CA0>
https://www.youtube.com/watch?v=ZRfVs2itW2s, 313, VIMIC  -  My Fate (LEGENDADO PT', 'BR), <PIL.JpegImagePlugin.JpegImageFile image mode=RGB size=120x90 at 0x266578D42B0>
https://www.youtube.com/watch?v=CSvFpBOe8eY, 209, System Of A Down  -  Chop Suey! (Official HD Video), <PIL.JpegImagePlugin.JpegImageFile image mode=RGB size=120x90 at 0x266578D4880>
https://www.youtube.com/watch?v=ADXEoQnVT_Y, 200, A Day To Remember  -   Paranoia [OFFICIAL MUSIC, <PIL.JpegImagePlugin.JpegImageFile image mode=RGB size=120x90 at 0x266578D4E50>
https://www.youtube.com/watch?v=Auuqlcom6tM, 258, Disturbed  -  Immortalized [Official Lyrics Video, <PIL.JpegImagePlugin.JpegImageFile image mode=RGB size=120x90 at 0x266578D5420>
https://www.youtube.com/watch?v=8P0vKLHbtMg, 186, Linkin Park  -   Numb (Lyrics), <PIL.JpegImagePlugin.JpegImageFile image mode=RGB size=120x90 at 0x266578D59F0>
https://www.youtube.com/watch?v=m1cFZX9y1FY, 226, Cilver  - " I'M America by Sofia F. School of Rock Panama", <PIL.JpegImagePlugin.JpegImageFile image mode=RGB size=120x90 at 0x266578D5FC0>
https://www.youtube.com/watch?v=nrCZOGW2JIM, 192, Of Mice And Men  -  Would You Still Be There Sub Español, <PIL.JpegImagePlugin.JpegImageFile image mode=RGB size=120x90 at 0x266578D6590>
https://www.youtube.com/watch?v=dR5aPkwkXo4, 257, All That Remains  -  "Two Weeks" (Lyrics), <PIL.JpegImagePlugin.JpegImageFile image mode=RGB size=120x90 at 0x266578D6B60>
https://www.youtube.com/watch?v=j0lSpNtjPM8, 199, Papa Roach  -  Last Resort (Squeaky Clean Version) (Official Music Video), <PIL.JpegImagePlugin.JpegImageFile image mode=RGB size=120x90 at 0x266578D7130>
https://www.youtube.com/watch?v=3nb7DD7vdQ0, 237, Volbeat  - " The Devil's Bleeding Crown (Official Video)", <PIL.JpegImagePlugin.JpegImageFile image mode=RGB size=120x90 at 0x266578D7700>
https://www.youtube.com/watch?v=kBDIO8Bb07Q, 212, four year strong - go down in history lyrics video, <PIL.JpegImagePlugin.JpegImageFile image mode=RGB size=120x90 at 0x266578D7CD0>
https://www.youtube.com/watch?v=IRQhX87dlHQ, 394, Avenged Sevenfold - Blinded In Chains HQ*, <PIL.JpegImagePlugin.JpegImageFile image mode=RGB size=120x90 at 0x266578F02E0>
https://www.youtube.com/watch?v=UwEukYEfR0M, 218, Shapeshifter (Feat. Styles of Beyond)  -  Celldweller [HQ, <PIL.JpegImagePlugin.JpegImageFile image mode=RGB size=120x90 at 0x266578F08B0>
https://www.youtube.com/watch?v=wOYJ2y6JDo0, 204, Disturbed -  Decadence, <PIL.JpegImagePlugin.JpegImageFile image mode=RGB size=120x90 at 0x266578F0E80>
https://www.youtube.com/watch?v=GVesmT1higA, 394, Breakfastaz  -  Psychopath, <PIL.JpegImagePlugin.JpegImageFile image mode=RGB size=120x90 at 0x266578F1450>
https://www.youtube.com/watch?v=3g2e0RbRFLk, 285, Atlas Plug  -  Truth Be Known HD, <PIL.JpegImagePlugin.JpegImageFile image mode=RGB size=120x90 at 0x266578F1A20>
https://www.youtube.com/watch?v=ElHw_l_CvwM, 451, Adam Freeland  -  How To Fake Your Own Life (Etienne De Crecy Remix), <PIL.JpegImagePlugin.JpegImageFile image mode=RGB size=120x90 at 0x266578F1FF0>
https://www.youtube.com/watch?v=QRLhTePib9A, 260, Atlas Plug  -  The Ace, The Only, <PIL.JpegImagePlugin.JpegImageFile image mode=RGB size=120x90 at 0x266578F25C0>
https://www.youtube.com/watch?v=TQR72pWtXn4, 268, PrototypeRaptor  -  New Dawn, <PIL.JpegImagePlugin.JpegImageFile image mode=RGB size=120x90 at 0x266578F2B90>
https://www.youtube.com/watch?v=CNBhsXyaxFc, 339, Stratus  -  You Must Follow (Evol Intent VIP), <PIL.JpegImagePlugin.JpegImageFile image mode=RGB size=120x90 at 0x266578F3160>
https://www.youtube.com/watch?v=36hjy5ppol0, 243, Styles Of Beyond  -  Nine Thou (Prison Break Music Video), <PIL.JpegImagePlugin.JpegImageFile image mode=RGB size=120x90 at 0x266578F3730>
https://www.youtube.com/watch?v=OlTrRc18JLg, 237, The Prodigy  - " You'll Be Under My Wheels ", ' The Fast & The Furios, <PIL.JpegImagePlugin.JpegImageFile image mode=RGB size=120x90 at 0x266578F3D00>
https://www.youtube.com/watch?v=4U7jy11DOMw, 361, RapidComfort (Original Mix) - , <PIL.JpegImagePlugin.JpegImageFile image mode=RGB size=120x90 at 0x2665790C310>
https://www.youtube.com/watch?v=Q-U5EvuCKOg, 273, About To Fall [Mix Cut] (Eshericks Remix) - , <PIL.JpegImagePlugin.JpegImageFile image mode=RGB size=120x90 at 0x2665790C8E0>
https://www.youtube.com/watch?v=MBGjk-y7VjU, 383, PrototypeRaptor  -  9bit Sunrise, <PIL.JpegImagePlugin.JpegImageFile image mode=RGB size=120x90 at 0x2665790CEB0>
https://www.youtube.com/watch?v=lZnUYgzFRcU, 430, Future Funk Squad feat Mojo  -  Blow (Kid Digital & Rubber Remix), <PIL.JpegImagePlugin.JpegImageFile image mode=RGB size=120x90 at 0x2665790D480>
https://www.youtube.com/watch?v=qXCdQ9oTJFQ, 185, LukHash  -  WTF, <PIL.JpegImagePlugin.JpegImageFile image mode=RGB size=120x90 at 0x2665790DA50>
https://www.youtube.com/watch?v=lArBQdsTh5E, 213, Atlas Plug  -  Crimson Phoenix, <PIL.JpegImagePlugin.JpegImageFile image mode=RGB size=120x90 at 0x2665790E020>
https://www.youtube.com/watch?v=EzHxG_MPA1E, 212, Atlas Plug  -  2 Days or Die, <PIL.JpegImagePlugin.JpegImageFile image mode=RGB size=120x90 at 0x2665790E5F0>
https://www.youtube.com/watch?v=D8yzjIGO7O8, 142, Blue Stahli  -  Railgun, <PIL.JpegImagePlugin.JpegImageFile image mode=RGB size=120x90 at 0x2665790EBC0>
https://www.youtube.com/watch?v=-QLVxOvESf4, 390, Celldweller  -  Eon, <PIL.JpegImagePlugin.JpegImageFile image mode=RGB size=120x90 at 0x2665790F190>
https://www.youtube.com/watch?v=u9NStVkSCuk, 177, Skillet  -  Monster (Lyrics), <PIL.JpegImagePlugin.JpegImageFile image mode=RGB size=120x90 at 0x2665790F760>
https://www.youtube.com/watch?v=lRN598t1l1o, 239, ONLAP  -  The Awakening [HD, <PIL.JpegImagePlugin.JpegImageFile image mode=RGB size=120x90 at 0x2665790FD30>
https://www.youtube.com/watch?v=hZbuigSlrdU, 176, Blue Stahli  -  "Takedown", <PIL.JpegImagePlugin.JpegImageFile image mode=RGB size=120x90 at 0x26657918340>
https://www.youtube.com/watch?v=LekDT7Rmdis, 179, The Wreckage  -  Breaking Through, <PIL.JpegImagePlugin.JpegImageFile image mode=RGB size=120x90 at 0x26657918910>
https://www.youtube.com/watch?v=ARr9XOGmkdo, 398, Celldweller  -  Heart On, <PIL.JpegImagePlugin.JpegImageFile image mode=RGB size=120x90 at 0x26657918EE0>
https://www.youtube.com/watch?v=3EJuROjO48Q, 216, Spoken  -  Through It All (Official Lyric Video), <PIL.JpegImagePlugin.JpegImageFile image mode=RGB size=120x90 at 0x266579194B0>
https://www.youtube.com/watch?v=v-sI1ij-XvM, 241, Anthem of the Lonely  -  Nine Lashes ', ' Español, <PIL.JpegImagePlugin.JpegImageFile image mode=RGB size=120x90 at 0x26657919A80>
https://www.youtube.com/watch?v=xqds0B_meys, 231, Three Days Grace  -  Animal I Have Become, <PIL.JpegImagePlugin.JpegImageFile image mode=RGB size=120x90 at 0x2665791A050>
https://www.youtube.com/watch?v=E5PSsnxg5DQ, 241, Swifta Beater  -  Godzilla, <PIL.JpegImagePlugin.JpegImageFile image mode=RGB size=120x90 at 0x2665791A620>
https://www.youtube.com/watch?v=mAvUpR_ttYo, 172, Swifta Beater  -  Food Move, <PIL.JpegImagePlugin.JpegImageFile image mode=RGB size=120x90 at 0x2665791ABF0>
https://www.youtube.com/watch?v=ETq9SlYbukw, 213, Beat Saber  -  Rari Workout by Lethal Bizzle ft. JME & Tempa T (SS Rank) (Expert), <PIL.JpegImagePlugin.JpegImageFile image mode=RGB size=120x90 at 0x2665791B1C0>
https://www.youtube.com/watch?v=um1hh6QsWsU, 252, Disturbed - The Vengeful One [Lyrics, <PIL.JpegImagePlugin.JpegImageFile image mode=RGB size=120x90 at 0x2665791B790>
https://www.youtube.com/watch?v=Hj84Jb55uD4, 171, Riko Dan & SNK  -  Run in a war (Logan Sama Rip), <PIL.JpegImagePlugin.JpegImageFile image mode=RGB size=120x90 at 0x2665791BD60>
https://www.youtube.com/watch?v=eQB6_MgNvVA, 225, JME  -  96 Bars Of Revenge, <PIL.JpegImagePlugin.JpegImageFile image mode=RGB size=120x90 at 0x2665792C370>
https://www.youtube.com/watch?v=YcOtFi-CXdE, 249, JT The Goon & Dullah Beatz  -  Sun set, <PIL.JpegImagePlugin.JpegImageFile image mode=RGB size=120x90 at 0x2665792C940>
https://www.youtube.com/watch?v=uStiq45M8hk, 176, Blue Stahli  -  Jackhammer Manifesto, <PIL.JpegImagePlugin.JpegImageFile image mode=RGB size=120x90 at 0x2665792CF10>
https://www.youtube.com/watch?v=TgmiIytWKTQ, 181, AverixBredda  -  Yeah Yeah, <PIL.JpegImagePlugin.JpegImageFile image mode=RGB size=120x90 at 0x2665792D4E0>
https://www.youtube.com/watch?v=RRkIQ1Djlbs, 186, Skillet -  Hero (lyrics), <PIL.JpegImagePlugin.JpegImageFile image mode=RGB size=120x90 at 0x2665792DAB0>
https://www.youtube.com/watch?v=G02wKufX3nw, 409, Magic Sword  -  In The Face Of Evil, <PIL.JpegImagePlugin.JpegImageFile image mode=RGB size=120x90 at 0x2665792E080>
https://www.youtube.com/watch?v=-6H8qoOJ5Uk, 135, Blue Stahli  -  Blast Action, <PIL.JpegImagePlugin.JpegImageFile image mode=RGB size=120x90 at 0x2665792E650>
https://www.youtube.com/watch?v=vYJyfm5y1b4, 235, Smash Into Pieces  -  Burn, <PIL.JpegImagePlugin.JpegImageFile image mode=RGB size=120x90 at 0x2665792EC20>
https://www.youtube.com/watch?v=Ihp-qQV3mQc, 342, PrototypeRaptor  -  Timeless, <PIL.JpegImagePlugin.JpegImageFile image mode=RGB size=120x90 at 0x2665792F1F0>
https://www.youtube.com/watch?v=NqBr5fp0GEA, 168, Downplay  -  Hated You From Hello [W/ Lyrics] HQ, <PIL.JpegImagePlugin.JpegImageFile image mode=RGB size=120x90 at 0x2665792F7C0>
https://www.youtube.com/watch?v=_0bZGMoHnHk, 214, Papercut Massacre  -  Lose My Life (with lyrics), <PIL.JpegImagePlugin.JpegImageFile image mode=RGB size=120x90 at 0x2665792FD90>
https://www.youtube.com/watch?v=W-NSIuPK_RQ, 237, ZDOT  -  CURRENCY, <PIL.JpegImagePlugin.JpegImageFile image mode=RGB size=120x90 at 0x266579483A0>
https://www.youtube.com/watch?v=qtG52zKtem8, 204, Leader  -  Warrior Inside (Official), <PIL.JpegImagePlugin.JpegImageFile image mode=RGB size=120x90 at 0x26657948970>
https://www.youtube.com/watch?v=He8D2qbi6ms, 126, Blue Stahli   -  Smackdown, <PIL.JpegImagePlugin.JpegImageFile image mode=RGB size=120x90 at 0x26657948F40>
https://www.youtube.com/watch?v=5kqIeU24E7M, 222, Blue Stahli  -  Not Over Til We Say So, <PIL.JpegImagePlugin.JpegImageFile image mode=RGB size=120x90 at 0x26657949510>
https://www.youtube.com/watch?v=4HeGxUfLZqQ, 232, Smash Into Pieces  -  Stronger, <PIL.JpegImagePlugin.JpegImageFile image mode=RGB size=120x90 at 0x26657949AE0>
https://www.youtube.com/watch?v=jP_uUkBfCM4, 233, Skillet  -  The Resistance (Lyrics HD), <PIL.JpegImagePlugin.JpegImageFile image mode=RGB size=120x90 at 0x2665794A0B0>
https://www.youtube.com/watch?v=-E-_IRJU5w0, 213, Conan Gray  -  Maniac (Official Video), <PIL.JpegImagePlugin.JpegImageFile image mode=RGB size=120x90 at 0x2665794A680>
https://www.youtube.com/watch?v=oS3FIvdKTR4, 178, [GMV] Assassin’s Creed: Origins  -  The Wings of Icarus, <PIL.JpegImagePlugin.JpegImageFile image mode=RGB size=120x90 at 0x2665794AC50>
https://www.youtube.com/watch?v=TQkNTtWTlBI, 239, Avery Watts  -  Right Now, <PIL.JpegImagePlugin.JpegImageFile image mode=RGB size=120x90 at 0x2665794B220>
https://www.youtube.com/watch?v=qLuTR0HyVyw, 229, Skillet  -  Feel Invincible (Lyrics) , <PIL.JpegImagePlugin.JpegImageFile image mode=RGB size=120x90 at 0x2665794B7F0>
https://www.youtube.com/watch?v=5smLkI8SRZo, 245, Oceans Divide  -  Lipstick Lies (Lyrics / Sub Esp), <PIL.JpegImagePlugin.JpegImageFile image mode=RGB size=120x90 at 0x2665794BDC0>
https://www.youtube.com/watch?v=zYp4X5qy89Q, 197, Thousand Foot Krutch - Take It Out On Me sub. español, <PIL.JpegImagePlugin.JpegImageFile image mode=RGB size=120x90 at 0x2665795C3D0>
